#1 [internal] load build definition from Dockerfile
#1 sha256:cd7ad0893c975e079577dbf883d6b3771c767656e882f204daffd566937f6a53
#1 transferring dockerfile: 37B done
#1 DONE 0.0s

#2 [internal] load .dockerignore
#2 sha256:2ffb6740725271b38b4a4699f964bc13e475dd52fcd24e24c23134b963b7d733
#2 transferring context: 2B done
#2 DONE 0.0s

#3 [internal] load metadata for docker.io/library/python:3.7.3-stretch
#3 sha256:4d6506b928dcab8e99c7a89dabdef20df9bfbf87fb059f0f26431cfc815e5455
#3 DONE 0.4s

#8 [1/4] FROM docker.io/library/python:3.7.3-stretch@sha256:205cafadbb7f0c48f2a6d655eb100a9675aa85e6e73958860f488406cce09779
#8 sha256:dce329e2df6c3c06e1d1a62524e6f876d3474df9dfed24c5d56ee0c9511cb18e
#8 DONE 0.0s

#5 [internal] load build context
#5 sha256:4d1467886c4a38158a9f8d90c37a6b0b0d61d0b53bb9714123cd5967f5dbfec7
#5 transferring context: 1.18kB done
#5 DONE 0.0s

#4 [2/4] WORKDIR /app
#4 sha256:ff8143b43b0adee2c2e7ebd3f433328b188dde4b9eb1ebc1aaab442aa21c8348
#4 CACHED

#6 [3/4] COPY . app.py /app/
#6 sha256:ec1ba250e51f8f79767a25fbdd9950283c588b6577ca7501f9e8e6d5367c9c22
#6 DONE 0.0s

#7 [4/4] RUN pip install --upgrade pip==21.3.1 &&    pip install --trusted-host pypi.python.org -r requirements.txt
#7 sha256:a5914f5f6d15d4b212514a5ac09c67edb70685f4d0f59630b96b4ff0badec0b7
#7 1.302 Collecting pip==21.3.1
#7 1.651   Downloading https://files.pythonhosted.org/packages/a4/6d/6463d49a933f547439d6b5b98b46af8742cc03ae83543e4d7688c2420f8b/pip-21.3.1-py3-none-any.whl (1.7MB)
#7 1.904 Installing collected packages: pip
#7 1.904   Found existing installation: pip 19.1.1
#7 2.037     Uninstalling pip-19.1.1:
#7 2.170       Successfully uninstalled pip-19.1.1
#7 3.128 Successfully installed pip-21.3.1
#7 4.036 Collecting pylint==2.6.0
#7 4.137   Downloading pylint-2.6.0-py3-none-any.whl (325 kB)
#7 4.247 Collecting Click==7.0
#7 4.277   Downloading Click-7.0-py2.py3-none-any.whl (81 kB)
#7 4.353 Collecting Flask==1.0.2
#7 4.373   Downloading Flask-1.0.2-py2.py3-none-any.whl (91 kB)
#7 4.424 Collecting itsdangerous==1.1.0
#7 4.443   Downloading itsdangerous-1.1.0-py2.py3-none-any.whl (16 kB)
#7 4.510 Collecting Jinja2==2.10.3
#7 4.540   Downloading Jinja2-2.10.3-py2.py3-none-any.whl (125 kB)
#7 4.695 Collecting MarkupSafe==1.1.1
#7 4.716   Downloading MarkupSafe-1.1.1-cp37-cp37m-manylinux2010_x86_64.whl (33 kB)
#7 5.395 Collecting numpy==1.17.2
#7 5.434   Downloading numpy-1.17.2-cp37-cp37m-manylinux1_x86_64.whl (20.3 MB)
#7 6.474 Collecting pandas==0.24.2
#7 6.491   Downloading pandas-0.24.2-cp37-cp37m-manylinux1_x86_64.whl (10.1 MB)
#7 7.048 Collecting python-dateutil==2.8.0
#7 7.067   Downloading python_dateutil-2.8.0-py2.py3-none-any.whl (226 kB)
#7 7.294 Collecting pytz==2019.3
#7 7.312   Downloading pytz-2019.3-py2.py3-none-any.whl (509 kB)
#7 7.709 Collecting scikit-learn==0.20.3
#7 7.742   Downloading scikit_learn-0.20.3-cp37-cp37m-manylinux1_x86_64.whl (5.4 MB)
#7 8.347 Collecting scipy==1.3.1
#7 8.403   Downloading scipy-1.3.1-cp37-cp37m-manylinux1_x86_64.whl (25.2 MB)
#7 9.256 Collecting six==1.12.0
#7 9.271   Downloading six-1.12.0-py2.py3-none-any.whl (10 kB)
#7 9.353 Collecting Werkzeug==0.16.0
#7 9.371   Downloading Werkzeug-0.16.0-py2.py3-none-any.whl (327 kB)
#7 9.511 Collecting astroid<=2.5,>=2.4.0
#7 9.543   Downloading astroid-2.5-py3-none-any.whl (220 kB)
#7 9.611 Collecting toml>=0.7.1
#7 9.628   Downloading toml-0.10.2-py2.py3-none-any.whl (16 kB)
#7 9.677 Collecting mccabe<0.7,>=0.6
#7 9.708   Downloading mccabe-0.6.1-py2.py3-none-any.whl (8.6 kB)
#7 9.887 Collecting isort<6,>=4.2.5
#7 9.904   Downloading isort-5.9.3-py3-none-any.whl (106 kB)
#7 10.26 Collecting lazy-object-proxy>=1.4.0
#7 10.28   Downloading lazy_object_proxy-1.6.0-cp37-cp37m-manylinux1_x86_64.whl (55 kB)
#7 10.54 Collecting typed-ast<1.5,>=1.4.0
#7 10.56   Downloading typed_ast-1.4.3-cp37-cp37m-manylinux1_x86_64.whl (743 kB)
#7 10.81 Collecting wrapt<1.13,>=1.11
#7 10.83   Downloading wrapt-1.12.1.tar.gz (27 kB)
#7 10.84   Preparing metadata (setup.py): started
#7 11.26   Preparing metadata (setup.py): finished with status 'done'
#7 11.31 Building wheels for collected packages: wrapt
#7 11.31   Building wheel for wrapt (setup.py): started
#7 12.29   Building wheel for wrapt (setup.py): finished with status 'done'
#7 12.29   Created wheel for wrapt: filename=wrapt-1.12.1-cp37-cp37m-linux_x86_64.whl size=71604 sha256=2a45f202ddc8fb4eb955124b0494fbcfef8bd918314bb3ae9e7ee4af439ea8c3
#7 12.29   Stored in directory: /root/.cache/pip/wheels/62/76/4c/aa25851149f3f6d9785f6c869387ad82b3fd37582fa8147ac6
#7 12.29 Successfully built wrapt
#7 12.45 Installing collected packages: wrapt, typed-ast, six, numpy, MarkupSafe, lazy-object-proxy, Werkzeug, toml, scipy, pytz, python-dateutil, mccabe, Jinja2, itsdangerous, isort, Click, astroid, scikit-learn, pylint, pandas, Flask
#7 22.77 Successfully installed Click-7.0 Flask-1.0.2 Jinja2-2.10.3 MarkupSafe-1.1.1 Werkzeug-0.16.0 astroid-2.5 isort-5.9.3 itsdangerous-1.1.0 lazy-object-proxy-1.6.0 mccabe-0.6.1 numpy-1.17.2 pandas-0.24.2 pylint-2.6.0 python-dateutil-2.8.0 pytz-2019.3 scikit-learn-0.20.3 scipy-1.3.1 six-1.12.0 toml-0.10.2 typed-ast-1.4.3 wrapt-1.12.1
#7 22.77 WARNING: Running pip as the 'root' user can result in broken permissions and conflicting behaviour with the system package manager. It is recommended to use a virtual environment instead: https://pip.pypa.io/warnings/venv
#7 DONE 23.5s

#9 exporting to image
#9 sha256:e8c613e07b0b7ff33893b694f7759a10d42e180f2b4dc349fb57dc6b71dcab00
#9 exporting layers
#9 exporting layers 3.1s done
#9 writing image sha256:bdc7c82ce19b4b1485c78f50d0b51f0f78eab3bd4b97a548651246e21bc28abc done
#9 naming to docker.io/library/udacity-microservice-project done
#9 DONE 3.1s

Use 'docker scan' to run Snyk tests against images to find vulnerabilities and learn how to fix them
udacity-microservice-project   latest    bdc7c82ce19b   4 seconds ago    1.26GB
 * Serving Flask app "app" (lazy loading)
 * Environment: production
   WARNING: Do not use the development server in a production environment.
   Use a production WSGI server instead.
 * Debug mode: on
 * Running on http://0.0.0.0:80/ (Press CTRL+C to quit)
 * Restarting with stat
 * Debugger is active!
 * Debugger PIN: 314-133-009
[2021-10-26 04:56:02,312] INFO in app: JSON payload: 
{'CHAS': {'0': 0}, 'RM': {'0': 6.575}, 'TAX': {'0': 296.0}, 'PTRATIO': {'0': 15.3}, 'B': {'0': 396.9}, 'LSTAT': {'0': 4.98}}
[2021-10-26 04:56:02,338] INFO in app: Inference payload DataFrame: 
   CHAS     RM    TAX  PTRATIO      B  LSTAT
0     0  6.575  296.0     15.3  396.9   4.98
[2021-10-26 04:56:02,354] INFO in app: Scaling Payload: 
   CHAS     RM    TAX  PTRATIO      B  LSTAT
0     0  6.575  296.0     15.3  396.9   4.98
[2021-10-26 04:56:02,358] INFO in app:  The Prediction Value: {prediction}
172.17.0.1 - - [26/Oct/2021 04:56:02] "POST /predict HTTP/1.1" 200 -
#1 [internal] load build definition from Dockerfile
#1 sha256:b3b5151f96faa2b1f3614695635550ae1cf148e448c618c72500c1f0d1f1c172
#1 transferring dockerfile: 37B done
#1 DONE 0.0s

#2 [internal] load .dockerignore
#2 sha256:f94e7abffc9b59503a5bda519e4df634a63c0d156aefca489ca1e2e36ea99855
#2 transferring context: 2B done
#2 DONE 0.0s

#3 [internal] load metadata for docker.io/library/python:3.7.3-stretch
#3 sha256:4d6506b928dcab8e99c7a89dabdef20df9bfbf87fb059f0f26431cfc815e5455
#3 ...

#4 [auth] library/python:pull token for registry-1.docker.io
#4 sha256:9957e533bf0e6ff6641be65f6f50181c88fe6f034e6a8a42dd0fce9e6c3733cf
#4 DONE 0.0s

#3 [internal] load metadata for docker.io/library/python:3.7.3-stretch
#3 sha256:4d6506b928dcab8e99c7a89dabdef20df9bfbf87fb059f0f26431cfc815e5455
#3 DONE 0.9s

#5 [1/4] FROM docker.io/library/python:3.7.3-stretch@sha256:205cafadbb7f0c48f2a6d655eb100a9675aa85e6e73958860f488406cce09779
#5 sha256:dce329e2df6c3c06e1d1a62524e6f876d3474df9dfed24c5d56ee0c9511cb18e
#5 DONE 0.0s

#7 [internal] load build context
#7 sha256:6911fa8fdd86695e26776bbac7cad0241b0384ccd4cc1efa77f8c500e8ad6722
#7 transferring context: 17.18kB done
#7 DONE 0.0s

#6 [2/4] WORKDIR /app
#6 sha256:ff8143b43b0adee2c2e7ebd3f433328b188dde4b9eb1ebc1aaab442aa21c8348
#6 CACHED

#8 [3/4] COPY . app.py /app/
#8 sha256:bf3d61adaad0cebfe96a866ff10f1364dda283bc3a000911885fc4165d40c6ea
#8 DONE 0.0s

#9 [4/4] RUN pip install --upgrade pip==21.3.1 &&    pip install --trusted-host pypi.python.org -r requirements.txt
#9 sha256:348fefa826eaaafe741dd621d4a41574997aa259ed1fb080d2a29fd429e0cbc0
#9 1.414 Collecting pip==21.3.1
#9 1.787   Downloading https://files.pythonhosted.org/packages/a4/6d/6463d49a933f547439d6b5b98b46af8742cc03ae83543e4d7688c2420f8b/pip-21.3.1-py3-none-any.whl (1.7MB)
#9 2.136 Installing collected packages: pip
#9 2.136   Found existing installation: pip 19.1.1
#9 2.267     Uninstalling pip-19.1.1:
#9 2.403       Successfully uninstalled pip-19.1.1
#9 3.366 Successfully installed pip-21.3.1
#9 4.297 Collecting pylint==2.6.0
#9 4.397   Downloading pylint-2.6.0-py3-none-any.whl (325 kB)
#9 4.515 Collecting Click==7.0
#9 4.536   Downloading Click-7.0-py2.py3-none-any.whl (81 kB)
#9 4.614 Collecting Flask==1.0.2
#9 4.638   Downloading Flask-1.0.2-py2.py3-none-any.whl (91 kB)
#9 4.694 Collecting itsdangerous==1.1.0
#9 4.714   Downloading itsdangerous-1.1.0-py2.py3-none-any.whl (16 kB)
#9 4.785 Collecting Jinja2==2.10.3
#9 4.803   Downloading Jinja2-2.10.3-py2.py3-none-any.whl (125 kB)
#9 4.942 Collecting MarkupSafe==1.1.1
#9 4.958   Downloading MarkupSafe-1.1.1-cp37-cp37m-manylinux2010_x86_64.whl (33 kB)
#9 5.615 Collecting numpy==1.17.2
#9 5.636   Downloading numpy-1.17.2-cp37-cp37m-manylinux1_x86_64.whl (20.3 MB)
#9 6.701 Collecting pandas==0.24.2
#9 6.729   Downloading pandas-0.24.2-cp37-cp37m-manylinux1_x86_64.whl (10.1 MB)
#9 7.106 Collecting python-dateutil==2.8.0
#9 7.128   Downloading python_dateutil-2.8.0-py2.py3-none-any.whl (226 kB)
#9 7.360 Collecting pytz==2019.3
#9 7.384   Downloading pytz-2019.3-py2.py3-none-any.whl (509 kB)
#9 7.776 Collecting scikit-learn==0.20.3
#9 7.804   Downloading scikit_learn-0.20.3-cp37-cp37m-manylinux1_x86_64.whl (5.4 MB)
#9 8.401 Collecting scipy==1.3.1
#9 8.419   Downloading scipy-1.3.1-cp37-cp37m-manylinux1_x86_64.whl (25.2 MB)
#9 9.257 Collecting six==1.12.0
#9 9.276   Downloading six-1.12.0-py2.py3-none-any.whl (10 kB)
#9 9.376 Collecting Werkzeug==0.16.0
#9 9.394   Downloading Werkzeug-0.16.0-py2.py3-none-any.whl (327 kB)
#9 9.457 Collecting toml>=0.7.1
#9 9.473   Downloading toml-0.10.2-py2.py3-none-any.whl (16 kB)
#9 9.577 Collecting astroid<=2.5,>=2.4.0
#9 9.609   Downloading astroid-2.5-py3-none-any.whl (220 kB)
#9 9.767 Collecting isort<6,>=4.2.5
#9 9.790   Downloading isort-5.9.3-py3-none-any.whl (106 kB)
#9 9.852 Collecting mccabe<0.7,>=0.6
#9 9.873   Downloading mccabe-0.6.1-py2.py3-none-any.whl (8.6 kB)
#9 10.29 Collecting wrapt<1.13,>=1.11
#9 10.31   Downloading wrapt-1.12.1.tar.gz (27 kB)
#9 10.32   Preparing metadata (setup.py): started
#9 10.73   Preparing metadata (setup.py): finished with status 'done'
#9 10.89 Collecting typed-ast<1.5,>=1.4.0
#9 10.91   Downloading typed_ast-1.4.3-cp37-cp37m-manylinux1_x86_64.whl (743 kB)
#9 11.09 Collecting lazy-object-proxy>=1.4.0
#9 11.11   Downloading lazy_object_proxy-1.6.0-cp37-cp37m-manylinux1_x86_64.whl (55 kB)
#9 11.18 Building wheels for collected packages: wrapt
#9 11.19   Building wheel for wrapt (setup.py): started
#9 12.21   Building wheel for wrapt (setup.py): finished with status 'done'
#9 12.22   Created wheel for wrapt: filename=wrapt-1.12.1-cp37-cp37m-linux_x86_64.whl size=71602 sha256=f8279b20b7a1e8a7150e3b712f90f6b5276c6e0386e7f268341c888bdcd024cf
#9 12.22   Stored in directory: /root/.cache/pip/wheels/62/76/4c/aa25851149f3f6d9785f6c869387ad82b3fd37582fa8147ac6
#9 12.22 Successfully built wrapt
#9 12.40 Installing collected packages: wrapt, typed-ast, six, numpy, MarkupSafe, lazy-object-proxy, Werkzeug, toml, scipy, pytz, python-dateutil, mccabe, Jinja2, itsdangerous, isort, Click, astroid, scikit-learn, pylint, pandas, Flask
#9 22.37 Successfully installed Click-7.0 Flask-1.0.2 Jinja2-2.10.3 MarkupSafe-1.1.1 Werkzeug-0.16.0 astroid-2.5 isort-5.9.3 itsdangerous-1.1.0 lazy-object-proxy-1.6.0 mccabe-0.6.1 numpy-1.17.2 pandas-0.24.2 pylint-2.6.0 python-dateutil-2.8.0 pytz-2019.3 scikit-learn-0.20.3 scipy-1.3.1 six-1.12.0 toml-0.10.2 typed-ast-1.4.3 wrapt-1.12.1
#9 22.37 WARNING: Running pip as the 'root' user can result in broken permissions and conflicting behaviour with the system package manager. It is recommended to use a virtual environment instead: https://pip.pypa.io/warnings/venv
#9 DONE 22.9s

#10 exporting to image
#10 sha256:e8c613e07b0b7ff33893b694f7759a10d42e180f2b4dc349fb57dc6b71dcab00
#10 exporting layers
#10 exporting layers 2.7s done
#10 writing image sha256:6c13350d82f7fd16850910c674ed78fea34732af2c7603469ab4f25b3e19cdd1 done
#10 naming to docker.io/library/udacity-microservice-project done
#10 DONE 2.7s

Use 'docker scan' to run Snyk tests against images to find vulnerabilities and learn how to fix them
udacity-microservice-project   latest    6c13350d82f7   4 seconds ago    1.26GB
 * Serving Flask app "app" (lazy loading)
 * Environment: production
   WARNING: Do not use the development server in a production environment.
   Use a production WSGI server instead.
 * Debug mode: on
 * Running on http://0.0.0.0:80/ (Press CTRL+C to quit)
 * Restarting with stat
 * Debugger is active!
 * Debugger PIN: 112-340-874
[2021-10-26 05:02:13,126] INFO in app: JSON payload: 
{'CHAS': {'0': 0}, 'RM': {'0': 6.575}, 'TAX': {'0': 296.0}, 'PTRATIO': {'0': 15.3}, 'B': {'0': 396.9}, 'LSTAT': {'0': 4.98}}
[2021-10-26 05:02:13,142] INFO in app: Inference payload DataFrame: 
   CHAS     RM    TAX  PTRATIO      B  LSTAT
0     0  6.575  296.0     15.3  396.9   4.98
[2021-10-26 05:02:13,154] INFO in app: Scaling Payload: 
   CHAS     RM    TAX  PTRATIO      B  LSTAT
0     0  6.575  296.0     15.3  396.9   4.98
[2021-10-26 05:02:13,158] INFO in app: The  prediction output: [20.35373177134412]
172.17.0.1 - - [26/Oct/2021 05:02:13] "POST /predict HTTP/1.1" 200 -
